<?xml version="1.0" encoding="UTF-8"?>
<!-- Generated by org.testng.reporters.JUnitReportReporter -->
<testsuite hostname="EC2AMAZ-U86IEJV" failures="0" tests="2" name="com.wk.ilean.testscripts.LoginPageTest" time="11.146" errors="0" timestamp="2022-07-21T16:47:57 IST" skipped="0">
  <testcase classname="com.wk.ilean.testscripts.LoginPageTest" name="VerifyGlobalSearch" time="4.619"/>
  <system-out/>
  <testcase classname="com.wk.ilean.testscripts.LoginPageTest" name="loginToProvisoApplication" time="6.527"/>
  <system-out/>
</testsuite> <!-- com.wk.ilean.testscripts.LoginPageTest -->
