<?xml version="1.0" encoding="UTF-8"?>
<!-- Generated by org.testng.reporters.JUnitReportReporter -->
<testsuite hostname="LTILBOM20102124" failures="0" tests="1" name="com.wk.ilean.testscripts.MaterialityPageTest" time="29.503" errors="0" timestamp="2023-10-05T15:11:03 IST" skipped="0">
  <testcase classname="com.wk.ilean.testscripts.MaterialityPageTest" name="internalTests" time="29.503"/>
  <system-out/>
</testsuite> <!-- com.wk.ilean.testscripts.MaterialityPageTest -->
