<?xml version="1.0" encoding="UTF-8"?>
<!-- Generated by org.testng.reporters.JUnitReportReporter -->
<testsuite skipped="0" hostname="EC2AMAZ-JJFRQAM" name="com.wk.ilean.testscripts.Cluster" tests="1" failures="0" timestamp="2023-05-10T13:15:29 IST" time="20.715" errors="0">
  <testcase name="ClusterFlow" time="20.715" classname="com.wk.ilean.testscripts.Cluster"/>
  <system-out/>
</testsuite> <!-- com.wk.ilean.testscripts.Cluster -->
