<?xml version="1.0" encoding="UTF-8"?>
<!-- Generated by org.testng.reporters.JUnitReportReporter -->
<testsuite skipped="0" hostname="EC2AMAZ-JJFRQAM" name="com.wk.ilean.testscripts.ClusterDemo" tests="1" failures="0" timestamp="2023-06-21T23:05:03 UTC" time="15.194" errors="0">
  <testcase name="ClusterFlow" time="15.194" classname="com.wk.ilean.testscripts.ClusterDemo"/>
  <system-out/>
</testsuite> <!-- com.wk.ilean.testscripts.ClusterDemo -->
