<?xml version="1.0" encoding="UTF-8"?>
<!-- Generated by org.testng.reporters.JUnitReportReporter -->
<testsuite hostname="LTILBOM20102124" failures="0" tests="1" name="com.wk.ilien.testscripts.Runner" time="22.582" errors="0" timestamp="2023-10-05T17:07:36 IST" skipped="0">
  <testcase classname="com.wk.ilien.testscripts.Runner" name="ilien_login" time="22.582"/>
  <system-out/>
</testsuite> <!-- com.wk.ilien.testscripts.Runner -->
