<?xml version="1.0" encoding="UTF-8"?>
<!-- Generated by org.testng.reporters.JUnitReportReporter -->
<testsuite hostname="LTILBOM20102124" failures="0" tests="1" name="com.wk.ilien.testscripts.ILienTests" time="29.600" errors="0" timestamp="2023-10-05T17:47:09 IST" skipped="0">
  <testcase classname="com.wk.ilien.testscripts.ILienTests" name="createEsitimatesTest" time="29.600"/>
  <system-out/>
</testsuite> <!-- com.wk.ilien.testscripts.ILienTests -->
