<?xml version="1.0" encoding="UTF-8"?>
<!-- Generated by org.testng.reporters.JUnitReportReporter -->
<testsuite hostname="LTILBOM20102124" failures="0" tests="1" name="com.wk.ilean.testscripts.Runner" time="0.051" errors="0" timestamp="2023-10-04T21:39:27 IST" skipped="0">
  <testcase classname="com.wk.ilean.testscripts.Runner" name="main2" time="0.051"/>
  <system-out/>
</testsuite> <!-- com.wk.ilean.testscripts.Runner -->
